{"/home/isaac/apps/opensource/Gitcoin/Spacemesh/cosmic/setupTests.js": {"path":"/home/isaac/apps/opensource/Gitcoin/Spacemesh/cosmic/setupTests.js","statementMap":{"0":{"start":{"line":4,"column":0},"end":{"line":4,"column":38}}},"fnMap":{},"branchMap":{},"s":{"0":5},"f":{},"b":{},"_coverageSchema":"332fd63041d2c1bcb487cc26dd0d5f7d97098a6c","hash":"b618d4872d99da7e853c703844ec1857637a9761"}
,"/home/isaac/apps/opensource/Gitcoin/Spacemesh/cosmic/src/actions/index.ts": {"path":"/home/isaac/apps/opensource/Gitcoin/Spacemesh/cosmic/src/actions/index.ts","statementMap":{"0":{"start":{"line":1,"column":0},"end":{"line":1,"column":24}}},"fnMap":{},"branchMap":{},"s":{"0":1},"f":{},"b":{}}
,"/home/isaac/apps/opensource/Gitcoin/Spacemesh/cosmic/src/actions/input.ts": {"path":"/home/isaac/apps/opensource/Gitcoin/Spacemesh/cosmic/src/actions/input.ts","statementMap":{"0":{"start":{"line":3,"column":0},"end":{"line":6,"column":1}},"1":{"start":{"line":4,"column":4},"end":{"line":4,"column":25}},"2":{"start":{"line":5,"column":4},"end":{"line":5,"column":31}},"3":{"start":{"line":16,"column":4},"end":{"line":23,"column":5}},"4":{"start":{"line":15,"column":0},"end":{"line":24,"column":1}}},"fnMap":{"0":{"name":"(anonymous_0)","decl":{"start":{"line":3,"column":0},"end":{"line":3,"column":11}},"loc":{"start":{"line":3,"column":23},"end":{"line":6,"column":1}}},"1":{"name":"addItem","decl":{"start":{"line":15,"column":0},"end":{"line":15,"column":23}},"loc":{"start":{"line":15,"column":36},"end":{"line":24,"column":1}}}},"branchMap":{"0":{"loc":{"start":{"line":3,"column":12},"end":{"line":3,"column":23}},"type":"binary-expr","locations":[{"start":{"line":3,"column":12},"end":{"line":3,"column":23}},{"start":{"line":3,"column":12},"end":{"line":3,"column":23}}]}},"s":{"0":2,"1":2,"2":2,"3":1,"4":2},"f":{"0":2,"1":1},"b":{"0":[2,2]}}
,"/home/isaac/apps/opensource/Gitcoin/Spacemesh/cosmic/src/components/FirstPage/index.tsx": {"path":"/home/isaac/apps/opensource/Gitcoin/Spacemesh/cosmic/src/components/FirstPage/index.tsx","statementMap":{"0":{"start":{"line":2,"column":0},"end":{"line":2,"column":30}},"1":{"start":{"line":3,"column":0},"end":{"line":3,"column":53}},"2":{"start":{"line":4,"column":0},"end":{"line":4,"column":30}},"3":{"start":{"line":6,"column":0},"end":{"line":6,"column":41}},"4":{"start":{"line":8,"column":8},"end":{"line":8,"column":12}},"5":{"start":{"line":11,"column":15},"end":{"line":33,"column":2}},"6":{"start":{"line":45,"column":0},"end":{"line":45,"column":39}},"7":{"start":{"line":45,"column":24},"end":{"line":45,"column":55}},"8":{"start":{"line":51,"column":9},"end":{"line":65,"column":3}},"9":{"start":{"line":52,"column":4},"end":{"line":64,"column":6}},"10":{"start":{"line":66,"column":0},"end":{"line":66,"column":1}},"11":{"start":{"line":68,"column":0},"end":{"line":68,"column":25}}},"fnMap":{"0":{"name":"(anonymous_5)","decl":{"start":{"line":45,"column":0},"end":{"line":null,"column":-1}},"loc":{"start":{"line":45,"column":0},"end":{"line":45,"column":-1}}},"1":{"name":"FirstPage","decl":{"start":{"line":46,"column":2},"end":{"line":46,"column":13}},"loc":{"start":{"line":46,"column":27},"end":{"line":48,"column":3}}},"2":{"name":"(anonymous_7)","decl":{"start":{"line":51,"column":2},"end":{"line":null,"column":-1}},"loc":{"start":{"line":51,"column":2},"end":{"line":65,"column":3}}}},"branchMap":{"0":{"loc":{"start":{"line":47,"column":4},"end":{"line":47,"column":16}},"type":"binary-expr","locations":[{"start":{"line":47,"column":4},"end":{"line":47,"column":16}},{"start":{"line":47,"column":16},"end":{"line":null,"column":-1}}]}},"s":{"0":1,"1":1,"2":1,"3":1,"4":1,"5":1,"6":1,"7":1,"8":1,"9":1,"10":1,"11":1},"f":{"0":1,"1":1,"2":1},"b":{"0":[1,1]}}
,"/home/isaac/apps/opensource/Gitcoin/Spacemesh/cosmic/src/components/Sample/index.tsx": {"path":"/home/isaac/apps/opensource/Gitcoin/Spacemesh/cosmic/src/components/Sample/index.tsx","statementMap":{"0":{"start":{"line":1,"column":0},"end":{"line":1,"column":30}},"1":{"start":{"line":2,"column":0},"end":{"line":2,"column":66}},"2":{"start":{"line":4,"column":15},"end":{"line":21,"column":2}},"3":{"start":{"line":32,"column":0},"end":{"line":32,"column":36}},"4":{"start":{"line":32,"column":21},"end":{"line":32,"column":52}},"5":{"start":{"line":34,"column":4},"end":{"line":34,"column":16}},"6":{"start":{"line":35,"column":4},"end":{"line":35,"column":42}},"7":{"start":{"line":36,"column":4},"end":{"line":36,"column":42}},"8":{"start":{"line":37,"column":4},"end":{"line":39,"column":6}},"9":{"start":{"line":47,"column":9},"end":{"line":50,"column":3}},"10":{"start":{"line":48,"column":11},"end":{"line":48,"column":18}},"11":{"start":{"line":49,"column":4},"end":{"line":49,"column":29}},"12":{"start":{"line":58,"column":9},"end":{"line":62,"column":3}},"13":{"start":{"line":59,"column":4},"end":{"line":61,"column":6}},"14":{"start":{"line":65,"column":9},"end":{"line":85,"column":3}},"15":{"start":{"line":66,"column":4},"end":{"line":84,"column":6}},"16":{"start":{"line":86,"column":0},"end":{"line":86,"column":1}},"17":{"start":{"line":88,"column":0},"end":{"line":88,"column":22}}},"fnMap":{"0":{"name":"(anonymous_5)","decl":{"start":{"line":32,"column":0},"end":{"line":null,"column":-1}},"loc":{"start":{"line":32,"column":0},"end":{"line":32,"column":-1}}},"1":{"name":"Sample","decl":{"start":{"line":33,"column":2},"end":{"line":33,"column":13}},"loc":{"start":{"line":33,"column":27},"end":{"line":40,"column":3}}},"2":{"name":"(anonymous_7)","decl":{"start":{"line":47,"column":2},"end":{"line":null,"column":-1}},"loc":{"start":{"line":47,"column":2},"end":{"line":50,"column":3}}},"3":{"name":"(anonymous_8)","decl":{"start":{"line":58,"column":2},"end":{"line":58,"column":16}},"loc":{"start":{"line":58,"column":29},"end":{"line":62,"column":3}}},"4":{"name":"(anonymous_9)","decl":{"start":{"line":65,"column":2},"end":{"line":null,"column":-1}},"loc":{"start":{"line":65,"column":2},"end":{"line":85,"column":3}}}},"branchMap":{"0":{"loc":{"start":{"line":34,"column":4},"end":{"line":34,"column":16}},"type":"binary-expr","locations":[{"start":{"line":34,"column":4},"end":{"line":34,"column":16}},{"start":{"line":34,"column":16},"end":{"line":40,"column":2}}]},"1":{"loc":{"start":{"line":38,"column":13},"end":{"line":38,"column":29}},"type":"binary-expr","locations":[{"start":{"line":38,"column":13},"end":{"line":38,"column":29}},{"start":{"line":38,"column":33},"end":{"line":38,"column":35}}]}},"s":{"0":2,"1":2,"2":2,"3":2,"4":2,"5":1,"6":1,"7":1,"8":1,"9":2,"10":0,"11":0,"12":2,"13":0,"14":2,"15":1,"16":2,"17":2},"f":{"0":2,"1":1,"2":0,"3":0,"4":1},"b":{"0":[1,1],"1":[1,1]}}
,"/home/isaac/apps/opensource/Gitcoin/Spacemesh/cosmic/src/components/SecondPage/index.tsx": {"path":"/home/isaac/apps/opensource/Gitcoin/Spacemesh/cosmic/src/components/SecondPage/index.tsx","statementMap":{"0":{"start":{"line":2,"column":0},"end":{"line":2,"column":30}},"1":{"start":{"line":4,"column":0},"end":{"line":4,"column":53}},"2":{"start":{"line":6,"column":0},"end":{"line":6,"column":41}},"3":{"start":{"line":8,"column":8},"end":{"line":8,"column":12}},"4":{"start":{"line":11,"column":15},"end":{"line":33,"column":2}},"5":{"start":{"line":45,"column":0},"end":{"line":45,"column":40}},"6":{"start":{"line":45,"column":25},"end":{"line":45,"column":56}},"7":{"start":{"line":51,"column":9},"end":{"line":62,"column":3}},"8":{"start":{"line":52,"column":4},"end":{"line":61,"column":6}},"9":{"start":{"line":63,"column":0},"end":{"line":63,"column":1}},"10":{"start":{"line":65,"column":0},"end":{"line":65,"column":26}}},"fnMap":{"0":{"name":"(anonymous_5)","decl":{"start":{"line":45,"column":0},"end":{"line":null,"column":-1}},"loc":{"start":{"line":45,"column":0},"end":{"line":45,"column":-1}}},"1":{"name":"SecondPage","decl":{"start":{"line":46,"column":2},"end":{"line":46,"column":13}},"loc":{"start":{"line":46,"column":27},"end":{"line":48,"column":3}}},"2":{"name":"(anonymous_7)","decl":{"start":{"line":51,"column":2},"end":{"line":null,"column":-1}},"loc":{"start":{"line":51,"column":2},"end":{"line":62,"column":3}}}},"branchMap":{"0":{"loc":{"start":{"line":47,"column":4},"end":{"line":47,"column":16}},"type":"binary-expr","locations":[{"start":{"line":47,"column":4},"end":{"line":47,"column":16}},{"start":{"line":47,"column":16},"end":{"line":null,"column":-1}}]}},"s":{"0":1,"1":1,"2":1,"3":1,"4":1,"5":1,"6":1,"7":1,"8":1,"9":1,"10":1},"f":{"0":1,"1":1,"2":1},"b":{"0":[1,1]}}
,"/home/isaac/apps/opensource/Gitcoin/Spacemesh/cosmic/src/reducers/input.ts": {"path":"/home/isaac/apps/opensource/Gitcoin/Spacemesh/cosmic/src/reducers/input.ts","statementMap":{"0":{"start":{"line":2,"column":0},"end":{"line":2,"column":48}},"1":{"start":{"line":8,"column":13},"end":{"line":12,"column":1}},"2":{"start":{"line":19,"column":24},"end":{"line":19,"column":52}},"3":{"start":{"line":20,"column":4},"end":{"line":31,"column":5}},"4":{"start":{"line":22,"column":25},"end":{"line":22,"column":45}},"5":{"start":{"line":23,"column":12},"end":{"line":26,"column":13}},"6":{"start":{"line":30,"column":12},"end":{"line":30,"column":24}},"7":{"start":{"line":19,"column":0},"end":{"line":32,"column":1}}},"fnMap":{"0":{"name":"reducer","decl":{"start":{"line":19,"column":0},"end":{"line":19,"column":23}},"loc":{"start":{"line":19,"column":68},"end":{"line":32,"column":1}}}},"branchMap":{"0":{"loc":{"start":{"line":19,"column":24},"end":{"line":19,"column":52}},"type":"if","locations":[{"start":{"line":19,"column":24},"end":{"line":19,"column":52}},{"start":{"line":19,"column":24},"end":{"line":19,"column":52}}]},"1":{"loc":{"start":{"line":21,"column":8},"end":{"line":27,"column":9}},"type":"switch","locations":[{"start":{"line":21,"column":8},"end":{"line":27,"column":9}},{"start":{"line":29,"column":8},"end":{"line":30,"column":24}}]}},"s":{"0":1,"1":1,"2":3,"3":2,"4":1,"5":1,"6":1,"7":1},"f":{"0":2},"b":{"0":[1,1],"1":[1,1]}}
,"/home/isaac/apps/opensource/Gitcoin/Spacemesh/cosmic/src/utils/routing/index.ios.tsx": {"path":"/home/isaac/apps/opensource/Gitcoin/Spacemesh/cosmic/src/utils/routing/index.ios.tsx","statementMap":{"0":{"start":{"line":3,"column":0},"end":{"line":3,"column":46}},"1":{"start":{"line":4,"column":0},"end":{"line":4,"column":23}},"2":{"start":{"line":5,"column":13},"end":{"line":5,"column":43}}},"fnMap":{},"branchMap":{},"s":{"0":2,"1":2,"2":2},"f":{},"b":{}}
}
