TN:
SF:/home/isaac/apps/opensource/Gitcoin/Spacemesh/cosmic/setupTests.js
FNF:0
FNH:0
DA:4,5
LF:1
LH:1
BRF:0
BRH:0
end_of_record
TN:
SF:/home/isaac/apps/opensource/Gitcoin/Spacemesh/cosmic/src/actions/index.ts
FNF:0
FNH:0
DA:1,1
LF:1
LH:1
BRF:0
BRH:0
end_of_record
TN:
SF:/home/isaac/apps/opensource/Gitcoin/Spacemesh/cosmic/src/actions/input.ts
FN:3,(anonymous_0)
FN:15,addItem
FNF:2
FNH:2
FNDA:2,(anonymous_0)
FNDA:1,addItem
DA:3,2
DA:4,2
DA:5,2
DA:15,2
DA:16,1
LF:5
LH:5
BRDA:3,0,0,2
BRDA:3,0,1,2
BRF:2
BRH:2
end_of_record
TN:
SF:/home/isaac/apps/opensource/Gitcoin/Spacemesh/cosmic/src/components/FirstPage/index.tsx
FN:45,(anonymous_5)
FN:46,FirstPage
FN:51,(anonymous_7)
FNF:3
FNH:3
FNDA:1,(anonymous_5)
FNDA:1,FirstPage
FNDA:1,(anonymous_7)
DA:2,1
DA:3,1
DA:4,1
DA:6,1
DA:8,1
DA:11,1
DA:45,1
DA:51,1
DA:52,1
DA:66,1
DA:68,1
LF:11
LH:11
BRDA:47,0,0,1
BRDA:47,0,1,1
BRF:2
BRH:2
end_of_record
TN:
SF:/home/isaac/apps/opensource/Gitcoin/Spacemesh/cosmic/src/components/Sample/index.tsx
FN:32,(anonymous_5)
FN:33,Sample
FN:47,(anonymous_7)
FN:58,(anonymous_8)
FN:65,(anonymous_9)
FNF:5
FNH:3
FNDA:2,(anonymous_5)
FNDA:1,Sample
FNDA:0,(anonymous_7)
FNDA:0,(anonymous_8)
FNDA:1,(anonymous_9)
DA:1,2
DA:2,2
DA:4,2
DA:32,2
DA:34,1
DA:35,1
DA:36,1
DA:37,1
DA:47,2
DA:48,0
DA:49,0
DA:58,2
DA:59,0
DA:65,2
DA:66,1
DA:86,2
DA:88,2
LF:17
LH:14
BRDA:34,0,0,1
BRDA:34,0,1,1
BRDA:38,1,0,1
BRDA:38,1,1,1
BRF:4
BRH:4
end_of_record
TN:
SF:/home/isaac/apps/opensource/Gitcoin/Spacemesh/cosmic/src/components/SecondPage/index.tsx
FN:45,(anonymous_5)
FN:46,SecondPage
FN:51,(anonymous_7)
FNF:3
FNH:3
FNDA:1,(anonymous_5)
FNDA:1,SecondPage
FNDA:1,(anonymous_7)
DA:2,1
DA:4,1
DA:6,1
DA:8,1
DA:11,1
DA:45,1
DA:51,1
DA:52,1
DA:63,1
DA:65,1
LF:10
LH:10
BRDA:47,0,0,1
BRDA:47,0,1,1
BRF:2
BRH:2
end_of_record
TN:
SF:/home/isaac/apps/opensource/Gitcoin/Spacemesh/cosmic/src/reducers/input.ts
FN:19,reducer
FNF:1
FNH:1
FNDA:2,reducer
DA:2,1
DA:8,1
DA:19,3
DA:20,2
DA:22,1
DA:23,1
DA:30,1
LF:7
LH:7
BRDA:19,0,0,1
BRDA:19,0,1,1
BRDA:21,1,0,1
BRDA:21,1,1,1
BRF:4
BRH:4
end_of_record
TN:
SF:/home/isaac/apps/opensource/Gitcoin/Spacemesh/cosmic/src/utils/routing/index.ios.tsx
FNF:0
FNH:0
DA:3,2
DA:4,2
DA:5,2
LF:3
LH:3
BRF:0
BRH:0
end_of_record
